生成启动时间为 2018/1/25 22:55:23。
     1>项目“D:\刘帅普\minesweeper-helper\minesweeper-helper\minesweeper-helper.vcxproj”在节点 2 上(build 个目标)。
     1>InitializeBuildStatus:
         正在创建“Debug\minesweeper-helper.unsuccessfulbuild”，因为已指定“AlwaysCreate”。
       ClCompile:
         d:\Program Files\VC\bin\CL.exe /c /ZI /nologo /W3 /WX- /Od /Oy- /D WIN32 /D _DEBUG /D _CONSOLE /D _UNICODE /D UNICODE /Gm /EHsc /RTC1 /MDd /GS /fp:precise /Zc:wchar_t /Zc:forScope /Fo"Debug\\" /Fd"Debug\vc100.pdb" /Gd /TP /analyze- /errorReport:prompt main.cpp screen.cpp
         screen.cpp
         main.cpp
         正在生成代码...
       Link:
         d:\Program Files\VC\bin\link.exe /ERRORREPORT:PROMPT /OUT:"D:\刘帅普\minesweeper-helper\Debug\minesweeper-helper.exe" /INCREMENTAL /NOLOGO opencv_calib3d2410d.lib opencv_contrib2410d.lib opencv_core2410d.lib opencv_features2d2410d.lib opencv_flann2410d.lib opencv_gpu2410d.lib opencv_highgui2410d.lib opencv_imgproc2410d.lib opencv_legacy2410d.lib opencv_ml2410d.lib opencv_nonfree2410d.lib opencv_objdetect2410d.lib opencv_ocl2410d.lib opencv_photo2410d.lib opencv_stitching2410d.lib opencv_superres2410d.lib opencv_ts2410d.lib opencv_video2410d.lib opencv_videostab2410d.lib kernel32.lib user32.lib gdi32.lib winspool.lib comdlg32.lib advapi32.lib shell32.lib ole32.lib oleaut32.lib uuid.lib odbc32.lib odbccp32.lib /MANIFEST /ManifestFile:"Debug\minesweeper-helper.exe.intermediate.manifest" /MANIFESTUAC:"level='asInvoker' uiAccess='false'" /DEBUG /PDB:"D:\刘帅普\minesweeper-helper\Debug\minesweeper-helper.pdb" /SUBSYSTEM:CONSOLE /TLBID:1 /DYNAMICBASE /NXCOMPAT /IMPLIB:"D:\刘帅普\minesweeper-helper\Debug\minesweeper-helper.lib" /MACHINE:X86 Debug\main.obj
         Debug\mouse.obj
         Debug\screen.obj
         minesweeper-helper.vcxproj -> D:\刘帅普\minesweeper-helper\Debug\minesweeper-helper.exe
       Manifest:
         C:\Program Files\Microsoft SDKs\Windows\v7.0A\bin\mt.exe /nologo /verbose /out:"D:\刘帅普\minesweeper-helper\Debug\minesweeper-helper.exe.manifest" /manifest "Debug\minesweeper-helper.exe.intermediate.manifest"
       FinalizeBuildStatus:
         正在删除文件“Debug\minesweeper-helper.unsuccessfulbuild”。
         正在对“Debug\minesweeper-helper.lastbuildstate”执行 Touch 任务。
     1>已完成生成项目“D:\刘帅普\minesweeper-helper\minesweeper-helper\minesweeper-helper.vcxproj”(build 个目标)的操作。

生成成功。

已用时间 00:00:02.06
